Unity Editor version:    2020.3.17f1 (a4537701e4ab)
Branch:                  2020.3/staging
Build type:              Release
Batch mode:              YES
macOS version:           Version 11.0.1 (Build 20B29)
Darwin version:          20.1.0
Architecture:            x86_64
Running under Rosetta:   YES
Available memory:        16384 MB
Using pre-set license
Pro License: NO

COMMAND LINE ARGUMENTS:
/Applications/Unity/Hub/Editor/2020.3.17f1/Unity.app/Contents/MacOS/Unity
-adb2
-batchMode
-noUpm
-name
AssetImportWorker0
-projectPath
/Users/alessia/Documents/Fall2021/XRDev/ARProject/Mapbox-Mini-Project/Mapbox
-logFile
Logs/AssetImportWorker0.log
-srvPort
55624
Successfully changed project path to: /Users/alessia/Documents/Fall2021/XRDev/ARProject/Mapbox-Mini-Project/Mapbox
/Users/alessia/Documents/Fall2021/XRDev/ARProject/Mapbox-Mini-Project/Mapbox
Using Asset Import Pipeline V2.
Refreshing native plugins compatible for Editor in 51.14 ms, found 2 plugins.
Preloading 0 native plugins for Editor in 0.00 ms.
Initialize engine version: 2020.3.17f1 (a4537701e4ab)
[Subsystems] Discovering subsystems at path /Applications/Unity/Hub/Editor/2020.3.17f1/Unity.app/Contents/Resources/UnitySubsystems
[Subsystems] Discovering subsystems at path /Users/alessia/Documents/Fall2021/XRDev/ARProject/Mapbox-Mini-Project/Mapbox/Assets
GfxDevice: creating device client; threaded=0
2021-10-08 16:32:35.255 Unity[30285:797724] (null) preferred device: Apple M1 (high power)
2021-10-08 16:32:35.255 Unity[30285:797724] Metal devices available: 1
2021-10-08 16:32:35.255 Unity[30285:797724] 0: Apple M1 (high power)
2021-10-08 16:32:35.255 Unity[30285:797724] Using device Apple M1 (high power)
Initializing Metal device caps: Apple M1
Initialize mono
Mono path[0] = '/Applications/Unity/Hub/Editor/2020.3.17f1/Unity.app/Contents/Managed'
Mono path[1] = '/Applications/Unity/Hub/Editor/2020.3.17f1/Unity.app/Contents/MonoBleedingEdge/lib/mono/unityjit'
Mono config path = '/Applications/Unity/Hub/Editor/2020.3.17f1/Unity.app/Contents/MonoBleedingEdge/etc'
Using monoOptions --debugger-agent=transport=dt_socket,embedding=1,server=y,suspend=n,address=127.0.0.1:56285
Begin MonoManager ReloadAssembly
Registering precompiled unity dll's ...
Register platform support module: /Applications/Unity/Hub/Editor/2020.3.17f1/PlaybackEngines/WebGLSupport/UnityEditor.WebGL.Extensions.dll
Register platform support module: /Applications/Unity/Hub/Editor/2020.3.17f1/Unity.app/Contents/PlaybackEngines/MacStandaloneSupport/UnityEditor.OSXStandalone.Extensions.dll
Register platform support module: /Applications/Unity/Hub/Editor/2020.3.17f1/PlaybackEngines/WindowsStandaloneSupport/UnityEditor.WindowsStandalone.Extensions.dll
Registered in 0.001671 seconds.
Native extension for WindowsStandalone target not found
Native extension for OSXStandalone target not found
Native extension for WebGL target not found
Refreshing native plugins compatible for Editor in 41.14 ms, found 2 plugins.
Preloading 0 native plugins for Editor in 0.00 ms.
Mono: successfully reloaded assembly
- Completed reload, in  3.241 seconds
Domain Reload Profiling:
	ReloadAssembly (3241ms)
		BeginReloadAssembly (80ms)
			ExecutionOrderSort (0ms)
			DisableScriptedObjects (0ms)
			BackupInstance (0ms)
			ReleaseScriptingObjects (0ms)
			CreateAndSetChildDomain (3ms)
		EndReloadAssembly (904ms)
			LoadAssemblies (78ms)
			RebuildTransferFunctionScriptingTraits (0ms)
			SetupTypeCache (190ms)
			ReleaseScriptCaches (0ms)
			RebuildScriptCaches (44ms)
			SetupLoadedEditorAssemblies (511ms)
				LogAssemblyErrors (0ms)
				InitializePlatformSupportModulesInManaged (13ms)
				SetLoadedEditorAssemblies (1ms)
				RefreshPlugins (41ms)
				BeforeProcessingInitializeOnLoad (27ms)
				ProcessInitializeOnLoadAttributes (322ms)
				ProcessInitializeOnLoadMethodAttributes (107ms)
				AfterProcessingInitializeOnLoad (0ms)
				EditorAssembliesLoaded (1ms)
			ExecutionOrderSort2 (0ms)
			AwakeInstancesAfterBackupRestoration (0ms)
Platform modules already initialized, skipping
Registering precompiled user dll's ...
Registered in 0.007860 seconds.
Begin MonoManager ReloadAssembly
Native extension for WindowsStandalone target not found
Native extension for OSXStandalone target not found
Native extension for WebGL target not found
Refreshing native plugins compatible for Editor in 44.90 ms, found 2 plugins.
Preloading 0 native plugins for Editor in 0.00 ms.
Mono: successfully reloaded assembly
- Completed reload, in  2.746 seconds
Domain Reload Profiling:
	ReloadAssembly (2749ms)
		BeginReloadAssembly (274ms)
			ExecutionOrderSort (0ms)
			DisableScriptedObjects (32ms)
			BackupInstance (0ms)
			ReleaseScriptingObjects (0ms)
			CreateAndSetChildDomain (44ms)
		EndReloadAssembly (2355ms)
			LoadAssemblies (236ms)
			RebuildTransferFunctionScriptingTraits (0ms)
			SetupTypeCache (373ms)
			ReleaseScriptCaches (1ms)
			RebuildScriptCaches (70ms)
			SetupLoadedEditorAssemblies (1312ms)
				LogAssemblyErrors (0ms)
				InitializePlatformSupportModulesInManaged (16ms)
				SetLoadedEditorAssemblies (1ms)
				RefreshPlugins (45ms)
				BeforeProcessingInitializeOnLoad (179ms)
				ProcessInitializeOnLoadAttributes (1058ms)
				ProcessInitializeOnLoadMethodAttributes (12ms)
				AfterProcessingInitializeOnLoad (1ms)
				EditorAssembliesLoaded (0ms)
			ExecutionOrderSort2 (0ms)
			AwakeInstancesAfterBackupRestoration (35ms)
Platform modules already initialized, skipping
Validating Project structure ... 0.010408 seconds.
Shader import version has changed; will reimport all shaders...
Upgrading shader files ...0.017125 seconds.
Application.AssetDatabase Initial Script Refresh Start
RefreshInfo: InitialScriptRefreshV2(NoUpdateAssetOptions) scanfilter:  ... 1 filters
RefreshProfiler: Total: 0.000ms
Application.AssetDatabase Initial Script Refresh End
Application.AssetDatabase.Refresh Start
Application.AssetDatabase.Refresh End
RefreshInfo: StopAssetImportingV2(ForceSynchronousImport) scanfilter: 
RefreshProfiler: Total: 0.000ms
Launching external process: /Applications/Unity/Hub/Editor/2020.3.17f1/Unity.app/Contents/Tools/UnityShaderCompiler
Launched and connected shader compiler UnityShaderCompiler after 0.03 seconds
Initializing Unity extensions:
========================================================================
Worker process is ready to serve import requests
Refreshing native plugins compatible for Editor in 0.71 ms, found 2 plugins.
Preloading 0 native plugins for Editor in 0.00 ms.
Unloading 2380 Unused Serialized files (Serialized files now loaded: 0)
System memory in use before: 205.6 MB.
System memory in use after: 204.8 MB.

Unloading 252 unused Assets to reduce memory usage. Loaded Objects now: 2811.
Total: 3.079000 ms (FindLiveObjects: 0.190208 ms CreateObjectMapping: 0.051958 ms MarkObjects: 2.341750 ms  DeleteObjects: 0.494041 ms)

AssetImportParameters requested are different than current active one (requested -> active):
  custom:video-decoder-ogg-theora: a1e56fd34408186e4bbccfd4996cb3dc -> 
  custom:container-muxer-webm: aa71ff27fc2769a1b78a27578f13a17b -> 
  custom:container-demuxer-webm: 4f35f7cbe854078d1ac9338744f61a02 -> 
  custom:container-demuxer-ogg: 62fdf1f143b41e24485cea50d1cbac27 -> 
  custom:video-encoder-webm-vp8: eb34c28f22e8b96e1ab97ce403110664 -> 
  custom:framework-osx-AVFoundation: e770b220cccbd017edd2c1fefb359320 -> 
  custom:video-decoder-webm-vp8: 9c59270c3fd7afecdb556c50c9e8de78 -> 
  custom:audio-decoder-ogg-vorbis: bf7c407c2cedff20999df2af8eb42d56 -> 
  custom:audio-encoder-webm-vorbis: bf7c407c2cedff20999df2af8eb42d56 -> 
========================================================================
Received Import Request.
  path: Assets/Mapbox/Examples/3_POIPlacement/POIPlacement.unity
  artifactKey: Guid(c600a8b272a5846a1b71bdc2d0796637) Importer(815301076,1909f56bfc062723c751e8b465ee728b)
Start importing Assets/Mapbox/Examples/3_POIPlacement/POIPlacement.unity using Guid(c600a8b272a5846a1b71bdc2d0796637) Importer(815301076,1909f56bfc062723c751e8b465ee728b)  -> (artifact id: 'd797976b0ae7b0d3171cc6e37bb2b95b') in 0.017564 seconds 
  Import took 0.020976 seconds .

========================================================================
Received Import Request.
  Time since last request: 0.001045 seconds.
  path: Assets/Mapbox/Examples/3_POIPlacement
  artifactKey: Guid(b2a92e3867dce4a86bc35292a11d246a) Importer(815301076,1909f56bfc062723c751e8b465ee728b)
Start importing Assets/Mapbox/Examples/3_POIPlacement using Guid(b2a92e3867dce4a86bc35292a11d246a) Importer(815301076,1909f56bfc062723c751e8b465ee728b)  -> (artifact id: '5d4da0f4351145f48aa2ecb64eedd46e') in 0.000591 seconds 
  Import took 0.002897 seconds .

========================================================================
Received Import Request.
  Time since last request: 4.728306 seconds.
  path: Assets/Mapbox/Examples/3_POIPlacement/POIPlacement.unity
  artifactKey: Guid(c600a8b272a5846a1b71bdc2d0796637) Importer(815301076,1909f56bfc062723c751e8b465ee728b)
Start importing Assets/Mapbox/Examples/3_POIPlacement/POIPlacement.unity using Guid(c600a8b272a5846a1b71bdc2d0796637) Importer(815301076,1909f56bfc062723c751e8b465ee728b)  -> (artifact id: 'd797976b0ae7b0d3171cc6e37bb2b95b') in 0.001206 seconds 
  Import took 0.004045 seconds .

========================================================================
Received Import Request.
  Time since last request: 31.370076 seconds.
  path: Assets/Mapbox/Examples/5_Playground
  artifactKey: Guid(9f009fddedf714e3190243d6f01fd4bc) Importer(815301076,1909f56bfc062723c751e8b465ee728b)
Start importing Assets/Mapbox/Examples/5_Playground using Guid(9f009fddedf714e3190243d6f01fd4bc) Importer(815301076,1909f56bfc062723c751e8b465ee728b)  -> (artifact id: '0f2b72b61ea30ff2e20ec3b76cf162e8') in 0.001072 seconds 
  Import took 0.003918 seconds .

========================================================================
Received Import Request.
  Time since last request: 0.628216 seconds.
  path: Assets/Mapbox/Examples/6_ZoomableMap
  artifactKey: Guid(7be44de26050848458799f7a587bdc5e) Importer(815301076,1909f56bfc062723c751e8b465ee728b)
Start importing Assets/Mapbox/Examples/6_ZoomableMap using Guid(7be44de26050848458799f7a587bdc5e) Importer(815301076,1909f56bfc062723c751e8b465ee728b)  -> (artifact id: '974d5ea41c0e520244f6a87538fc3cad') in 0.000841 seconds 
  Import took 0.005217 seconds .

========================================================================
Received Import Request.
  Time since last request: 0.023688 seconds.
  path: Assets/Mapbox/Examples/6_ZoomableMap
  artifactKey: Guid(7be44de26050848458799f7a587bdc5e) Importer(815301076,1909f56bfc062723c751e8b465ee728b)
Start importing Assets/Mapbox/Examples/6_ZoomableMap using Guid(7be44de26050848458799f7a587bdc5e) Importer(815301076,1909f56bfc062723c751e8b465ee728b)  -> (artifact id: '974d5ea41c0e520244f6a87538fc3cad') in 0.000694 seconds 
  Import took 0.004351 seconds .

========================================================================
Received Import Request.
  Time since last request: 0.384142 seconds.
  path: Assets/Mapbox/Examples/8_VoxelMap
  artifactKey: Guid(1e33f17d4144e4fa8b0c253be247f78a) Importer(815301076,1909f56bfc062723c751e8b465ee728b)
Start importing Assets/Mapbox/Examples/8_VoxelMap using Guid(1e33f17d4144e4fa8b0c253be247f78a) Importer(815301076,1909f56bfc062723c751e8b465ee728b)  -> (artifact id: 'eabd3a987b8e0ad951c27e36e89ba664') in 0.001525 seconds 
  Import took 0.004341 seconds .

========================================================================
Received Import Request.
  Time since last request: 1.314640 seconds.
  path: Assets/Mapbox/Examples/1_DataExplorer
  artifactKey: Guid(59ed766f3a74135449dc3f48437e1ca0) Importer(815301076,1909f56bfc062723c751e8b465ee728b)
Start importing Assets/Mapbox/Examples/1_DataExplorer using Guid(59ed766f3a74135449dc3f48437e1ca0) Importer(815301076,1909f56bfc062723c751e8b465ee728b)  -> (artifact id: '0d6107ef2987d5d32b5fe4854f36dc65') in 0.001436 seconds 
  Import took 0.004261 seconds .

========================================================================
Received Import Request.
  Time since last request: 5.201575 seconds.
  path: Assets/Mapbox/Examples/8_VoxelMap/VoxelMap.unity
  artifactKey: Guid(daabe3028a2c14661b829fff509af827) Importer(815301076,1909f56bfc062723c751e8b465ee728b)
Start importing Assets/Mapbox/Examples/8_VoxelMap/VoxelMap.unity using Guid(daabe3028a2c14661b829fff509af827) Importer(815301076,1909f56bfc062723c751e8b465ee728b)  -> (artifact id: 'ae2f81f9d2b19cad72d9e0463a2beee7') in 0.001210 seconds 
  Import took 0.004265 seconds .

========================================================================
Received Import Request.
  Time since last request: 0.024785 seconds.
  path: Assets/Mapbox/Examples/8_VoxelMap/VoxelMap.unity
  artifactKey: Guid(daabe3028a2c14661b829fff509af827) Importer(815301076,1909f56bfc062723c751e8b465ee728b)
Start importing Assets/Mapbox/Examples/8_VoxelMap/VoxelMap.unity using Guid(daabe3028a2c14661b829fff509af827) Importer(815301076,1909f56bfc062723c751e8b465ee728b)  -> (artifact id: 'ae2f81f9d2b19cad72d9e0463a2beee7') in 0.000973 seconds 
  Import took 0.004303 seconds .

========================================================================
Received Prepare
Registering precompiled user dll's ...
Registered in 0.008803 seconds.
Begin MonoManager ReloadAssembly
Native extension for WindowsStandalone target not found
Native extension for OSXStandalone target not found
Native extension for WebGL target not found
Refreshing native plugins compatible for Editor in 0.74 ms, found 2 plugins.
Preloading 0 native plugins for Editor in 0.00 ms.
Mono: successfully reloaded assembly
Line Endings Fixer settings not detected. You might want to select a line ending style.
UnityEngine.StackTraceUtility:ExtractStackTrace () (at /Users/bokken/buildslave/unity/build/Runtime/Export/Scripting/StackTrace.cs:37)
UnityEngine.DebugLogHandler:LogFormat (UnityEngine.LogType,UnityEngine.Object,string,object[])
UnityEngine.Logger:Log (UnityEngine.LogType,object)
UnityEngine.Debug:Log (object)
WoLfulus.LineEnding.FileMonitor:FixFiles () (at Assets/ThirdPartyAssets/WoLfulus/LineEnding/Editor/FileMonitor.cs:158)
WoLfulus.LineEnding.FileMonitor:ScriptsReloaded () (at Assets/ThirdPartyAssets/WoLfulus/LineEnding/Editor/FileMonitor.cs:197)

(Filename: Assets/ThirdPartyAssets/WoLfulus/LineEnding/Editor/FileMonitor.cs Line: 158)

- Completed reload, in  2.938 seconds
Domain Reload Profiling:
	ReloadAssembly (2939ms)
		BeginReloadAssembly (218ms)
			ExecutionOrderSort (0ms)
			DisableScriptedObjects (31ms)
			BackupInstance (0ms)
			ReleaseScriptingObjects (0ms)
			CreateAndSetChildDomain (85ms)
		EndReloadAssembly (2623ms)
			LoadAssemblies (203ms)
			RebuildTransferFunctionScriptingTraits (0ms)
			SetupTypeCache (356ms)
			ReleaseScriptCaches (1ms)
			RebuildScriptCaches (52ms)
			SetupLoadedEditorAssemblies (1687ms)
				LogAssemblyErrors (0ms)
				InitializePlatformSupportModulesInManaged (19ms)
				SetLoadedEditorAssemblies (2ms)
				RefreshPlugins (1ms)
				BeforeProcessingInitializeOnLoad (291ms)
				ProcessInitializeOnLoadAttributes (1362ms)
				ProcessInitializeOnLoadMethodAttributes (12ms)
				AfterProcessingInitializeOnLoad (1ms)
				EditorAssembliesLoaded (0ms)
			ExecutionOrderSort2 (0ms)
			AwakeInstancesAfterBackupRestoration (33ms)
Platform modules already initialized, skipping
Switching build target platform(2) subTarget(0) extendedPlatform(0) -> platform(13) subTarget(537395200) extendedPlatform(0)
Refreshing native plugins compatible for Editor in 0.69 ms, found 2 plugins.
Preloading 0 native plugins for Editor in 0.00 ms.
Unloading 2359 Unused Serialized files (Serialized files now loaded: 0)
System memory in use before: 200.8 MB.
System memory in use after: 201.1 MB.

Unloading 58 unused Assets to reduce memory usage. Loaded Objects now: 2815.
Total: 2.290667 ms (FindLiveObjects: 0.141625 ms CreateObjectMapping: 0.043500 ms MarkObjects: 2.059750 ms  DeleteObjects: 0.045000 ms)

AssetImportParameters requested are different than current active one (requested -> active):
  custom:video-decoder-ogg-theora: a1e56fd34408186e4bbccfd4996cb3dc -> 
  custom:container-muxer-webm: aa71ff27fc2769a1b78a27578f13a17b -> 
  custom:container-demuxer-webm: 4f35f7cbe854078d1ac9338744f61a02 -> 
  custom:container-demuxer-ogg: 62fdf1f143b41e24485cea50d1cbac27 -> 
  custom:video-encoder-webm-vp8: eb34c28f22e8b96e1ab97ce403110664 -> 
  custom:framework-osx-AVFoundation: e770b220cccbd017edd2c1fefb359320 -> 
  custom:video-decoder-webm-vp8: 9c59270c3fd7afecdb556c50c9e8de78 -> 
  custom:graphics/normal-map-encoding: 01000000000000000000000000000000 -> 02000000000000000000000000000000
  custom:audio-decoder-ogg-vorbis: bf7c407c2cedff20999df2af8eb42d56 -> 
  custom:audio-encoder-webm-vorbis: bf7c407c2cedff20999df2af8eb42d56 -> 
